<?xml version="1.0" encoding="UTF-8"?>
<testng-results skipped="0" failed="0" total="2" passed="2">
  <reporter-output>
  </reporter-output>
  <suite name="Default suite" duration-ms="40337" started-at="2016-04-22T04:54:34Z" finished-at="2016-04-22T04:55:14Z">
    <groups>
    </groups>
    <test name="Default test" duration-ms="40337" started-at="2016-04-22T04:54:34Z" finished-at="2016-04-22T04:55:14Z">
      <class name="com.ga.auto.LocatorTest">
        <test-method status="PASS" signature="setupFirefox()[pri:0, instance:com.ga.auto.LocatorTest@5f375618]" name="setupFirefox" is-config="true" duration-ms="16611" started-at="2016-04-21T21:54:34Z" finished-at="2016-04-21T21:54:50Z">
          <reporter-output>
          </reporter-output>
        </test-method> <!-- setupFirefox -->
        <test-method status="PASS" signature="test1()[pri:0, instance:com.ga.auto.LocatorTest@5f375618]" name="test1" duration-ms="258" started-at="2016-04-21T21:54:50Z" finished-at="2016-04-21T21:54:50Z">
          <reporter-output>
          </reporter-output>
        </test-method> <!-- test1 -->
        <test-method status="PASS" signature="test()[pri:0, instance:com.ga.auto.LocatorTest@5f375618]" name="test" duration-ms="23383" started-at="2016-04-21T21:54:50Z" finished-at="2016-04-21T21:55:14Z">
          <reporter-output>
          </reporter-output>
        </test-method> <!-- test -->
      </class> <!-- com.ga.auto.LocatorTest -->
    </test> <!-- Default test -->
  </suite> <!-- Default suite -->
</testng-results>
